{"C:\\dev\\environment-enforcer\\src\\IntrospectableComboError.ts": {"path":"C:\\dev\\environment-enforcer\\src\\IntrospectableComboError.ts","statementMap":{"0":{"start":{"line":1,"column":0},"end":{"line":1,"column":49}},"1":{"start":{"line":2,"column":0},"end":{"line":2,"column":25}},"2":{"start":{"line":11,"column":2},"end":{"line":15,"column":null}},"3":{"start":{"line":12,"column":4},"end":{"line":14,"column":6}},"4":{"start":{"line":16,"column":36},"end":{"line":16,"column":76}},"5":{"start":{"line":17,"column":2},"end":{"line":24,"column":null}},"6":{"start":{"line":21,"column":4},"end":{"line":23,"column":6}},"7":{"start":{"line":8,"column":0},"end":{"line":8,"column":16}},"8":{"start":{"line":27,"column":41},"end":{"line":48,"column":1}},"9":{"start":{"line":31,"column":35},"end":{"line":31,"column":41}},"10":{"start":{"line":33,"column":20},"end":{"line":33,"column":48}},"11":{"start":{"line":34,"column":23},"end":{"line":37,"column":8}},"12":{"start":{"line":35,"column":4},"end":{"line":35,"column":42}},"13":{"start":{"line":36,"column":4},"end":{"line":36,"column":15}},"14":{"start":{"line":38,"column":17},"end":{"line":40,"column":null}},"15":{"start":{"line":43,"column":3},"end":{"line":43,"column":65}},"16":{"start":{"line":45,"column":2},"end":{"line":45,"column":45}},"17":{"start":{"line":47,"column":2},"end":{"line":47,"column":44}},"18":{"start":{"line":27,"column":13},"end":{"line":27,"column":41}}},"fnMap":{"0":{"name":"throwIfNotIntrospectableComboError","decl":{"start":{"line":8,"column":16},"end":{"line":8,"column":50}},"loc":{"start":{"line":9,"column":14},"end":{"line":25,"column":1}}},"1":{"name":"(anonymous_1)","decl":{"start":{"line":27,"column":41},"end":{"line":27,"column":42}},"loc":{"start":{"line":30,"column":1},"end":{"line":48,"column":1}}},"2":{"name":"(anonymous_2)","decl":{"start":{"line":34,"column":37},"end":{"line":34,"column":38}},"loc":{"start":{"line":34,"column":53},"end":{"line":37,"column":3}}}},"branchMap":{"0":{"loc":{"start":{"line":11,"column":2},"end":{"line":15,"column":null}},"type":"if","locations":[{"start":{"line":11,"column":2},"end":{"line":15,"column":null}},{"start":{"line":11,"column":2},"end":{"line":15,"column":null}}]},"1":{"loc":{"start":{"line":17,"column":2},"end":{"line":24,"column":null}},"type":"if","locations":[{"start":{"line":17,"column":2},"end":{"line":24,"column":null}},{"start":{"line":17,"column":2},"end":{"line":24,"column":null}}]},"2":{"loc":{"start":{"line":18,"column":4},"end":{"line":18,"column":47}},"type":"binary-expr","locations":[{"start":{"line":18,"column":4},"end":{"line":18,"column":47}},{"start":{"line":19,"column":4},"end":{"line":19,"column":62}}]},"3":{"loc":{"start":{"line":33,"column":40},"end":{"line":33,"column":43}},"type":"cond-expr","locations":[{"start":{"line":33,"column":40},"end":{"line":33,"column":43}},{"start":{"line":33,"column":46},"end":{"line":33,"column":48}}]}},"s":{"0":2,"1":2,"2":5,"3":1,"4":4,"5":4,"6":1,"7":2,"8":2,"9":2,"10":1,"11":1,"12":2,"13":2,"14":1,"15":1,"16":1,"17":1,"18":2},"f":{"0":5,"1":1,"2":2},"b":{"0":[1,4],"1":[1,3],"2":[4,3],"3":[1,0]}}
,"C:\\dev\\environment-enforcer\\src\\assertNever.ts": {"path":"C:\\dev\\environment-enforcer\\src\\assertNever.ts","statementMap":{"0":{"start":{"line":1,"column":0},"end":{"line":1,"column":49}},"1":{"start":{"line":4,"column":2},"end":{"line":6,"column":4}},"2":{"start":{"line":3,"column":0},"end":{"line":3,"column":16}}},"fnMap":{"0":{"name":"assertNever","decl":{"start":{"line":3,"column":16},"end":{"line":3,"column":27}},"loc":{"start":{"line":3,"column":40},"end":{"line":7,"column":1}}}},"branchMap":{},"s":{"0":4,"1":1,"2":4},"f":{"0":1},"b":{}}
,"C:\\dev\\environment-enforcer\\src\\configReader.ts": {"path":"C:\\dev\\environment-enforcer\\src\\configReader.ts","statementMap":{"0":{"start":{"line":1,"column":0},"end":{"line":1,"column":49}},"1":{"start":{"line":2,"column":0},"end":{"line":2,"column":20}},"2":{"start":{"line":3,"column":0},"end":{"line":3,"column":24}},"3":{"start":{"line":10,"column":38},"end":{"line":14,"column":1}},"4":{"start":{"line":11,"column":2},"end":{"line":13,"column":5}},"5":{"start":{"line":12,"column":4},"end":{"line":12,"column":31}},"6":{"start":{"line":10,"column":13},"end":{"line":10,"column":38}},"7":{"start":{"line":16,"column":26},"end":{"line":73,"column":1}},"8":{"start":{"line":23,"column":6},"end":{"line":36,"column":4}},"9":{"start":{"line":25,"column":6},"end":{"line":29,"column":null}},"10":{"start":{"line":26,"column":8},"end":{"line":28,"column":10}},"11":{"start":{"line":32,"column":6},"end":{"line":34,"column":null}},"12":{"start":{"line":32,"column":53},"end":{"line":32,"column":75}},"13":{"start":{"line":33,"column":8},"end":{"line":33,"column":71}},"14":{"start":{"line":38,"column":22},"end":{"line":38,"column":75}},"15":{"start":{"line":41,"column":25},"end":{"line":41,"column":49}},"16":{"start":{"line":42,"column":29},"end":{"line":42,"column":64}},"17":{"start":{"line":43,"column":31},"end":{"line":45,"column":null}},"18":{"start":{"line":47,"column":2},"end":{"line":55,"column":null}},"19":{"start":{"line":48,"column":4},"end":{"line":54,"column":6}},"20":{"start":{"line":58,"column":2},"end":{"line":69,"column":5}},"21":{"start":{"line":59,"column":4},"end":{"line":68,"column":null}},"22":{"start":{"line":60,"column":25},"end":{"line":60,"column":68}},"23":{"start":{"line":61,"column":33},"end":{"line":61,"column":67}},"24":{"start":{"line":62,"column":32},"end":{"line":62,"column":55}},"25":{"start":{"line":65,"column":6},"end":{"line":67,"column":null}},"26":{"start":{"line":66,"column":8},"end":{"line":66,"column":46}},"27":{"start":{"line":72,"column":2},"end":{"line":72,"column":57}},"28":{"start":{"line":75,"column":36},"end":{"line":78,"column":2}},"29":{"start":{"line":80,"column":26},"end":{"line":90,"column":1}},"30":{"start":{"line":81,"column":25},"end":{"line":81,"column":76}},"31":{"start":{"line":83,"column":2},"end":{"line":89,"column":null}},"32":{"start":{"line":84,"column":4},"end":{"line":84,"column":45}},"33":{"start":{"line":85,"column":22},"end":{"line":85,"column":74}},"34":{"start":{"line":86,"column":4},"end":{"line":86,"column":44}},"35":{"start":{"line":88,"column":4},"end":{"line":88,"column":21}},"36":{"start":{"line":92,"column":36},"end":{"line":105,"column":1}},"37":{"start":{"line":95,"column":2},"end":{"line":104,"column":4}},"38":{"start":{"line":92,"column":13},"end":{"line":92,"column":36}}},"fnMap":{"0":{"name":"(anonymous_0)","decl":{"start":{"line":10,"column":38},"end":{"line":10,"column":42}},"loc":{"start":{"line":10,"column":66},"end":{"line":14,"column":1}}},"1":{"name":"(anonymous_1)","decl":{"start":{"line":11,"column":23},"end":{"line":11,"column":24}},"loc":{"start":{"line":11,"column":25},"end":{"line":13,"column":3}}},"2":{"name":"(anonymous_2)","decl":{"start":{"line":16,"column":26},"end":{"line":16,"column":27}},"loc":{"start":{"line":19,"column":1},"end":{"line":73,"column":1}}},"3":{"name":"(anonymous_3)","decl":{"start":{"line":24,"column":49},"end":{"line":24,"column":50}},"loc":{"start":{"line":24,"column":64},"end":{"line":30,"column":5}}},"4":{"name":"(anonymous_4)","decl":{"start":{"line":31,"column":16},"end":{"line":31,"column":17}},"loc":{"start":{"line":31,"column":31},"end":{"line":35,"column":5}}},"5":{"name":"(anonymous_5)","decl":{"start":{"line":32,"column":46},"end":{"line":32,"column":47}},"loc":{"start":{"line":32,"column":48},"end":{"line":32,"column":60}}},"6":{"name":"(anonymous_6)","decl":{"start":{"line":58,"column":46},"end":{"line":58,"column":47}},"loc":{"start":{"line":58,"column":51},"end":{"line":69,"column":3}}},"7":{"name":"(anonymous_7)","decl":{"start":{"line":80,"column":26},"end":{"line":80,"column":null}},"loc":{"start":{"line":80,"column":26},"end":{"line":90,"column":1}}},"8":{"name":"(anonymous_8)","decl":{"start":{"line":92,"column":36},"end":{"line":92,"column":37}},"loc":{"start":{"line":94,"column":1},"end":{"line":105,"column":1}}}},"branchMap":{"0":{"loc":{"start":{"line":25,"column":6},"end":{"line":29,"column":null}},"type":"if","locations":[{"start":{"line":25,"column":6},"end":{"line":29,"column":null}},{"start":{"line":25,"column":6},"end":{"line":29,"column":null}}]},"1":{"loc":{"start":{"line":32,"column":6},"end":{"line":34,"column":null}},"type":"if","locations":[{"start":{"line":32,"column":6},"end":{"line":34,"column":null}},{"start":{"line":32,"column":6},"end":{"line":34,"column":null}}]},"2":{"loc":{"start":{"line":32,"column":10},"end":{"line":32,"column":31}},"type":"binary-expr","locations":[{"start":{"line":32,"column":10},"end":{"line":32,"column":31}},{"start":{"line":32,"column":35},"end":{"line":32,"column":75}}]},"3":{"loc":{"start":{"line":47,"column":2},"end":{"line":55,"column":null}},"type":"if","locations":[{"start":{"line":47,"column":2},"end":{"line":55,"column":null}},{"start":{"line":47,"column":2},"end":{"line":55,"column":null}}]},"4":{"loc":{"start":{"line":59,"column":4},"end":{"line":68,"column":null}},"type":"if","locations":[{"start":{"line":59,"column":4},"end":{"line":68,"column":null}},{"start":{"line":59,"column":4},"end":{"line":68,"column":null}}]},"5":{"loc":{"start":{"line":65,"column":6},"end":{"line":67,"column":null}},"type":"if","locations":[{"start":{"line":65,"column":6},"end":{"line":67,"column":null}},{"start":{"line":65,"column":6},"end":{"line":67,"column":null}}]},"6":{"loc":{"start":{"line":83,"column":2},"end":{"line":89,"column":null}},"type":"if","locations":[{"start":{"line":83,"column":2},"end":{"line":89,"column":null}},{"start":{"line":83,"column":2},"end":{"line":89,"column":null}}]},"7":{"loc":{"start":{"line":100,"column":8},"end":{"line":102,"column":10}},"type":"cond-expr","locations":[{"start":{"line":100,"column":8},"end":{"line":102,"column":10}},{"start":{"line":103,"column":8},"end":{"line":103,"column":17}}]}},"s":{"0":0,"1":0,"2":0,"3":0,"4":0,"5":0,"6":0,"7":0,"8":0,"9":0,"10":0,"11":0,"12":0,"13":0,"14":0,"15":0,"16":0,"17":0,"18":0,"19":0,"20":0,"21":0,"22":0,"23":0,"24":0,"25":0,"26":0,"27":0,"28":0,"29":0,"30":0,"31":0,"32":0,"33":0,"34":0,"35":0,"36":0,"37":0,"38":0},"f":{"0":0,"1":0,"2":0,"3":0,"4":0,"5":0,"6":0,"7":0,"8":0},"b":{"0":[0,0],"1":[0,0],"2":[0,0],"3":[0,0],"4":[0,0],"5":[0,0],"6":[0,0],"7":[0,0]}}
,"C:\\dev\\environment-enforcer\\src\\ourSchemaLanguage.ts": {"path":"C:\\dev\\environment-enforcer\\src\\ourSchemaLanguage.ts","statementMap":{"0":{"start":{"line":3,"column":13},"end":{"line":20,"column":2}},"1":{"start":{"line":5,"column":58},"end":{"line":10,"column":6}},"2":{"start":{"line":12,"column":4},"end":{"line":14,"column":null}},"3":{"start":{"line":13,"column":6},"end":{"line":13,"column":19}},"4":{"start":{"line":16,"column":4},"end":{"line":18,"column":7}},"5":{"start":{"line":17,"column":6},"end":{"line":17,"column":41}},"6":{"start":{"line":58,"column":13},"end":{"line":61,"column":2}}},"fnMap":{"0":{"name":"(anonymous_0)","decl":{"start":{"line":4,"column":16},"end":{"line":4,"column":17}},"loc":{"start":{"line":4,"column":37},"end":{"line":19,"column":3}}},"1":{"name":"(anonymous_1)","decl":{"start":{"line":16,"column":49},"end":{"line":16,"column":60}},"loc":{"start":{"line":16,"column":60},"end":{"line":18,"column":5}}}},"branchMap":{"0":{"loc":{"start":{"line":12,"column":4},"end":{"line":14,"column":null}},"type":"if","locations":[{"start":{"line":12,"column":4},"end":{"line":14,"column":null}},{"start":{"line":12,"column":4},"end":{"line":14,"column":null}}]}},"s":{"0":1,"1":25,"2":25,"3":0,"4":25,"5":71,"6":1},"f":{"0":25,"1":71},"b":{"0":[0,25]}}
,"C:\\dev\\environment-enforcer\\src\\pullInterfaceOut.ts": {"path":"C:\\dev\\environment-enforcer\\src\\pullInterfaceOut.ts","statementMap":{"0":{"start":{"line":1,"column":0},"end":{"line":1,"column":49}},"1":{"start":{"line":9,"column":38},"end":{"line":40,"column":1}},"2":{"start":{"line":14,"column":58},"end":{"line":14,"column":64}},"3":{"start":{"line":16,"column":36},"end":{"line":16,"column":64}},"4":{"start":{"line":17,"column":36},"end":{"line":18,"column":null}},"5":{"start":{"line":20,"column":2},"end":{"line":24,"column":null}},"6":{"start":{"line":21,"column":4},"end":{"line":23,"column":6}},"7":{"start":{"line":26,"column":33},"end":{"line":27,"column":null}},"8":{"start":{"line":31,"column":4},"end":{"line":31,"column":66}},"9":{"start":{"line":32,"column":25},"end":{"line":34,"column":null}},"10":{"start":{"line":37,"column":2},"end":{"line":39,"column":4}},"11":{"start":{"line":9,"column":13},"end":{"line":9,"column":38}}},"fnMap":{"0":{"name":"(anonymous_0)","decl":{"start":{"line":9,"column":38},"end":{"line":9,"column":null}},"loc":{"start":{"line":10,"column":29},"end":{"line":40,"column":1}}}},"branchMap":{"0":{"loc":{"start":{"line":20,"column":2},"end":{"line":24,"column":null}},"type":"if","locations":[{"start":{"line":20,"column":2},"end":{"line":24,"column":null}},{"start":{"line":20,"column":2},"end":{"line":24,"column":null}}]},"1":{"loc":{"start":{"line":31,"column":33},"end":{"line":31,"column":41}},"type":"cond-expr","locations":[{"start":{"line":31,"column":33},"end":{"line":31,"column":41}},{"start":{"line":31,"column":44},"end":{"line":31,"column":66}}]}},"s":{"0":1,"1":1,"2":3,"3":1,"4":1,"5":1,"6":0,"7":1,"8":1,"9":1,"10":1,"11":1},"f":{"0":1},"b":{"0":[0,1],"1":[0,1]}}
,"C:\\dev\\environment-enforcer\\src\\schemaValidation.ts": {"path":"C:\\dev\\environment-enforcer\\src\\schemaValidation.ts","statementMap":{"0":{"start":{"line":1,"column":0},"end":{"line":1,"column":49}},"1":{"start":{"line":2,"column":0},"end":{"line":2,"column":49}},"2":{"start":{"line":3,"column":0},"end":{"line":3,"column":44}},"3":{"start":{"line":19,"column":29},"end":{"line":21,"column":8}},"4":{"start":{"line":23,"column":2},"end":{"line":29,"column":null}},"5":{"start":{"line":24,"column":4},"end":{"line":28,"column":6}},"6":{"start":{"line":30,"column":2},"end":{"line":36,"column":null}},"7":{"start":{"line":31,"column":4},"end":{"line":35,"column":6}},"8":{"start":{"line":39,"column":23},"end":{"line":56,"column":1}},"9":{"start":{"line":44,"column":27},"end":{"line":44,"column":29}},"10":{"start":{"line":45,"column":51},"end":{"line":45,"column":57}},"11":{"start":{"line":47,"column":2},"end":{"line":53,"column":null}},"12":{"start":{"line":48,"column":4},"end":{"line":52,"column":6}},"13":{"start":{"line":55,"column":2},"end":{"line":55,"column":16}},"14":{"start":{"line":58,"column":22},"end":{"line":84,"column":1}},"15":{"start":{"line":63,"column":27},"end":{"line":63,"column":29}},"16":{"start":{"line":64,"column":51},"end":{"line":64,"column":57}},"17":{"start":{"line":66,"column":2},"end":{"line":81,"column":null}},"18":{"start":{"line":67,"column":4},"end":{"line":69,"column":6}},"19":{"start":{"line":71,"column":4},"end":{"line":80,"column":7}},"20":{"start":{"line":72,"column":6},"end":{"line":79,"column":8}},"21":{"start":{"line":83,"column":2},"end":{"line":83,"column":16}},"22":{"start":{"line":86,"column":22},"end":{"line":112,"column":1}},"23":{"start":{"line":91,"column":27},"end":{"line":91,"column":29}},"24":{"start":{"line":92,"column":51},"end":{"line":92,"column":57}},"25":{"start":{"line":94,"column":35},"end":{"line":94,"column":40}},"26":{"start":{"line":96,"column":2},"end":{"line":108,"column":5}},"27":{"start":{"line":97,"column":29},"end":{"line":101,"column":6}},"28":{"start":{"line":103,"column":4},"end":{"line":105,"column":null}},"29":{"start":{"line":104,"column":6},"end":{"line":104,"column":40}},"30":{"start":{"line":107,"column":4},"end":{"line":107,"column":38}},"31":{"start":{"line":111,"column":2},"end":{"line":111,"column":50}},"32":{"start":{"line":114,"column":24},"end":{"line":147,"column":1}},"33":{"start":{"line":119,"column":27},"end":{"line":119,"column":29}},"34":{"start":{"line":120,"column":51},"end":{"line":120,"column":57}},"35":{"start":{"line":122,"column":2},"end":{"line":144,"column":null}},"36":{"start":{"line":123,"column":4},"end":{"line":139,"column":null}},"37":{"start":{"line":124,"column":6},"end":{"line":127,"column":8}},"38":{"start":{"line":128,"column":11},"end":{"line":139,"column":null}},"39":{"start":{"line":129,"column":6},"end":{"line":136,"column":8}},"40":{"start":{"line":138,"column":6},"end":{"line":138,"column":35}},"41":{"start":{"line":140,"column":9},"end":{"line":144,"column":null}},"42":{"start":{"line":141,"column":4},"end":{"line":141,"column":60}},"43":{"start":{"line":143,"column":4},"end":{"line":143,"column":25}},"44":{"start":{"line":146,"column":2},"end":{"line":146,"column":16}},"45":{"start":{"line":154,"column":31},"end":{"line":164,"column":1}},"46":{"start":{"line":155,"column":2},"end":{"line":163,"column":5}},"47":{"start":{"line":156,"column":29},"end":{"line":156,"column":74}},"48":{"start":{"line":158,"column":4},"end":{"line":162,"column":null}},"49":{"start":{"line":159,"column":6},"end":{"line":161,"column":8}},"50":{"start":{"line":166,"column":24},"end":{"line":218,"column":1}},"51":{"start":{"line":171,"column":2},"end":{"line":171,"column":55}},"52":{"start":{"line":172,"column":2},"end":{"line":172,"column":33}},"53":{"start":{"line":174,"column":27},"end":{"line":174,"column":29}},"54":{"start":{"line":176,"column":38},"end":{"line":182,"column":32}},"55":{"start":{"line":179,"column":4},"end":{"line":179,"column":39}},"56":{"start":{"line":181,"column":4},"end":{"line":181,"column":23}},"57":{"start":{"line":184,"column":2},"end":{"line":202,"column":5}},"58":{"start":{"line":185,"column":30},"end":{"line":185,"column":64}},"59":{"start":{"line":187,"column":4},"end":{"line":201,"column":null}},"60":{"start":{"line":188,"column":6},"end":{"line":190,"column":8}},"61":{"start":{"line":192,"column":40},"end":{"line":192,"column":58}},"62":{"start":{"line":193,"column":28},"end":{"line":193,"column":41}},"63":{"start":{"line":195,"column":6},"end":{"line":195,"column":53}},"64":{"start":{"line":197,"column":6},"end":{"line":200,"column":8}},"65":{"start":{"line":205,"column":2},"end":{"line":215,"column":5}},"66":{"start":{"line":206,"column":4},"end":{"line":214,"column":null}},"67":{"start":{"line":207,"column":29},"end":{"line":207,"column":77}},"68":{"start":{"line":209,"column":6},"end":{"line":213,"column":null}},"69":{"start":{"line":210,"column":8},"end":{"line":212,"column":10}},"70":{"start":{"line":217,"column":2},"end":{"line":217,"column":16}},"71":{"start":{"line":166,"column":13},"end":{"line":166,"column":24}}},"fnMap":{"0":{"name":"assertIsStringNumRecord","decl":{"start":{"line":14,"column":9},"end":{"line":14,"column":32}},"loc":{"start":{"line":17,"column":23},"end":{"line":37,"column":1}}},"1":{"name":"(anonymous_1)","decl":{"start":{"line":39,"column":23},"end":{"line":39,"column":24}},"loc":{"start":{"line":43,"column":1},"end":{"line":56,"column":1}}},"2":{"name":"(anonymous_2)","decl":{"start":{"line":58,"column":22},"end":{"line":58,"column":23}},"loc":{"start":{"line":62,"column":1},"end":{"line":84,"column":1}}},"3":{"name":"(anonymous_3)","decl":{"start":{"line":71,"column":26},"end":{"line":71,"column":27}},"loc":{"start":{"line":71,"column":34},"end":{"line":80,"column":5}}},"4":{"name":"(anonymous_4)","decl":{"start":{"line":86,"column":22},"end":{"line":86,"column":23}},"loc":{"start":{"line":90,"column":1},"end":{"line":112,"column":1}}},"5":{"name":"(anonymous_5)","decl":{"start":{"line":96,"column":26},"end":{"line":96,"column":27}},"loc":{"start":{"line":96,"column":39},"end":{"line":108,"column":3}}},"6":{"name":"(anonymous_6)","decl":{"start":{"line":114,"column":24},"end":{"line":114,"column":25}},"loc":{"start":{"line":118,"column":1},"end":{"line":147,"column":1}}},"7":{"name":"(anonymous_7)","decl":{"start":{"line":154,"column":31},"end":{"line":154,"column":32}},"loc":{"start":{"line":154,"column":60},"end":{"line":164,"column":1}}},"8":{"name":"(anonymous_8)","decl":{"start":{"line":155,"column":49},"end":{"line":155,"column":50}},"loc":{"start":{"line":155,"column":68},"end":{"line":163,"column":3}}},"9":{"name":"(anonymous_9)","decl":{"start":{"line":166,"column":24},"end":{"line":166,"column":null}},"loc":{"start":{"line":169,"column":31},"end":{"line":218,"column":1}}},"10":{"name":"(anonymous_10)","decl":{"start":{"line":178,"column":11},"end":{"line":178,"column":12}},"loc":{"start":{"line":178,"column":35},"end":{"line":182,"column":3}}},"11":{"name":"(anonymous_11)","decl":{"start":{"line":184,"column":28},"end":{"line":184,"column":29}},"loc":{"start":{"line":184,"column":36},"end":{"line":202,"column":3}}},"12":{"name":"(anonymous_12)","decl":{"start":{"line":205,"column":38},"end":{"line":205,"column":39}},"loc":{"start":{"line":205,"column":73},"end":{"line":215,"column":3}}}},"branchMap":{"0":{"loc":{"start":{"line":20,"column":6},"end":{"line":20,"column":38}},"type":"cond-expr","locations":[{"start":{"line":20,"column":6},"end":{"line":20,"column":38}},{"start":{"line":21,"column":6},"end":{"line":21,"column":8}}]},"1":{"loc":{"start":{"line":23,"column":2},"end":{"line":29,"column":null}},"type":"if","locations":[{"start":{"line":23,"column":2},"end":{"line":29,"column":null}},{"start":{"line":23,"column":2},"end":{"line":29,"column":null}}]},"2":{"loc":{"start":{"line":30,"column":2},"end":{"line":36,"column":null}},"type":"if","locations":[{"start":{"line":30,"column":2},"end":{"line":36,"column":null}},{"start":{"line":30,"column":2},"end":{"line":36,"column":null}}]},"3":{"loc":{"start":{"line":47,"column":2},"end":{"line":53,"column":null}},"type":"if","locations":[{"start":{"line":47,"column":2},"end":{"line":53,"column":null}},{"start":{"line":47,"column":2},"end":{"line":53,"column":null}}]},"4":{"loc":{"start":{"line":66,"column":2},"end":{"line":81,"column":null}},"type":"if","locations":[{"start":{"line":66,"column":2},"end":{"line":81,"column":null}},{"start":{"line":66,"column":2},"end":{"line":81,"column":null}}]},"5":{"loc":{"start":{"line":103,"column":4},"end":{"line":105,"column":null}},"type":"if","locations":[{"start":{"line":103,"column":4},"end":{"line":105,"column":null}},{"start":{"line":103,"column":4},"end":{"line":105,"column":null}}]},"6":{"loc":{"start":{"line":111,"column":38},"end":{"line":111,"column":40}},"type":"cond-expr","locations":[{"start":{"line":111,"column":38},"end":{"line":111,"column":40}},{"start":{"line":111,"column":43},"end":{"line":111,"column":49}}]},"7":{"loc":{"start":{"line":122,"column":2},"end":{"line":144,"column":null}},"type":"if","locations":[{"start":{"line":122,"column":2},"end":{"line":144,"column":null}},{"start":{"line":122,"column":2},"end":{"line":144,"column":null}}]},"8":{"loc":{"start":{"line":123,"column":4},"end":{"line":139,"column":null}},"type":"if","locations":[{"start":{"line":123,"column":4},"end":{"line":139,"column":null}},{"start":{"line":123,"column":4},"end":{"line":139,"column":null}}]},"9":{"loc":{"start":{"line":128,"column":11},"end":{"line":139,"column":null}},"type":"if","locations":[{"start":{"line":128,"column":11},"end":{"line":139,"column":null}},{"start":{"line":128,"column":11},"end":{"line":139,"column":null}}]},"10":{"loc":{"start":{"line":140,"column":9},"end":{"line":144,"column":null}},"type":"if","locations":[{"start":{"line":140,"column":9},"end":{"line":144,"column":null}},{"start":{"line":140,"column":9},"end":{"line":144,"column":null}}]},"11":{"loc":{"start":{"line":158,"column":4},"end":{"line":162,"column":null}},"type":"if","locations":[{"start":{"line":158,"column":4},"end":{"line":162,"column":null}},{"start":{"line":158,"column":4},"end":{"line":162,"column":null}}]},"12":{"loc":{"start":{"line":187,"column":4},"end":{"line":201,"column":null}},"type":"if","locations":[{"start":{"line":187,"column":4},"end":{"line":201,"column":null}},{"start":{"line":187,"column":4},"end":{"line":201,"column":null}}]},"13":{"loc":{"start":{"line":206,"column":4},"end":{"line":214,"column":null}},"type":"if","locations":[{"start":{"line":206,"column":4},"end":{"line":214,"column":null}},{"start":{"line":206,"column":4},"end":{"line":214,"column":null}}]},"14":{"loc":{"start":{"line":209,"column":6},"end":{"line":213,"column":null}},"type":"if","locations":[{"start":{"line":209,"column":6},"end":{"line":213,"column":null}},{"start":{"line":209,"column":6},"end":{"line":213,"column":null}}]}},"s":{"0":1,"1":1,"2":1,"3":11,"4":11,"5":0,"6":11,"7":0,"8":1,"9":15,"10":45,"11":15,"12":8,"13":15,"14":1,"15":2,"16":6,"17":2,"18":0,"19":2,"20":4,"21":2,"22":1,"23":4,"24":12,"25":4,"26":4,"27":8,"28":8,"29":3,"30":8,"31":4,"32":1,"33":21,"34":63,"35":21,"36":17,"37":2,"38":15,"39":15,"40":0,"41":4,"42":4,"43":0,"44":21,"45":1,"46":11,"47":11,"48":11,"49":1,"50":1,"51":11,"52":11,"53":10,"54":10,"55":10,"56":10,"57":10,"58":10,"59":10,"60":1,"61":18,"62":9,"63":9,"64":9,"65":10,"66":10,"67":1,"68":1,"69":0,"70":10,"71":1},"f":{"0":11,"1":15,"2":2,"3":4,"4":4,"5":8,"6":21,"7":11,"8":11,"9":11,"10":10,"11":10,"12":10},"b":{"0":[0,11],"1":[0,11],"2":[0,11],"3":[8,7],"4":[0,2],"5":[3,5],"6":[3,1],"7":[17,4],"8":[2,15],"9":[15,0],"10":[4,0],"11":[1,10],"12":[1,9],"13":[1,9],"14":[0,1]}}
,"C:\\dev\\environment-enforcer\\src\\tsInterfaceToSchema.ts": {"path":"C:\\dev\\environment-enforcer\\src\\tsInterfaceToSchema.ts","statementMap":{"0":{"start":{"line":1,"column":0},"end":{"line":1,"column":49}},"1":{"start":{"line":2,"column":0},"end":{"line":2,"column":null}},"2":{"start":{"line":15,"column":29},"end":{"line":24,"column":1}},"3":{"start":{"line":20,"column":2},"end":{"line":23,"column":4}},"4":{"start":{"line":15,"column":13},"end":{"line":15,"column":29}},"5":{"start":{"line":26,"column":28},"end":{"line":36,"column":1}},"6":{"start":{"line":29,"column":2},"end":{"line":35,"column":4}},"7":{"start":{"line":38,"column":29},"end":{"line":45,"column":1}},"8":{"start":{"line":39,"column":2},"end":{"line":44,"column":4}},"9":{"start":{"line":42,"column":6},"end":{"line":42,"column":62}},"10":{"start":{"line":47,"column":29},"end":{"line":59,"column":1}},"11":{"start":{"line":50,"column":29},"end":{"line":50,"column":54}},"12":{"start":{"line":51,"column":34},"end":{"line":51,"column":74}},"13":{"start":{"line":52,"column":2},"end":{"line":58,"column":4}},"14":{"start":{"line":61,"column":35},"end":{"line":62,"column":10}},"15":{"start":{"line":62,"column":2},"end":{"line":62,"column":57}},"16":{"start":{"line":64,"column":31},"end":{"line":89,"column":1}},"17":{"start":{"line":65,"column":23},"end":{"line":65,"column":29}},"18":{"start":{"line":66,"column":26},"end":{"line":66,"column":69}},"19":{"start":{"line":67,"column":24},"end":{"line":67,"column":53}},"20":{"start":{"line":68,"column":31},"end":{"line":68,"column":60}},"21":{"start":{"line":70,"column":2},"end":{"line":74,"column":null}},"22":{"start":{"line":71,"column":4},"end":{"line":73,"column":6}},"23":{"start":{"line":76,"column":2},"end":{"line":88,"column":null}},"24":{"start":{"line":77,"column":4},"end":{"line":77,"column":49}},"25":{"start":{"line":78,"column":9},"end":{"line":88,"column":null}},"26":{"start":{"line":79,"column":4},"end":{"line":79,"column":49}},"27":{"start":{"line":80,"column":9},"end":{"line":88,"column":null}},"28":{"start":{"line":81,"column":4},"end":{"line":81,"column":48}},"29":{"start":{"line":83,"column":4},"end":{"line":87,"column":6}},"30":{"start":{"line":91,"column":30},"end":{"line":102,"column":1}},"31":{"start":{"line":96,"column":49},"end":{"line":96,"column":55}},"32":{"start":{"line":97,"column":2},"end":{"line":101,"column":4}},"33":{"start":{"line":104,"column":42},"end":{"line":106,"column":1}},"34":{"start":{"line":105,"column":2},"end":{"line":105,"column":63}},"35":{"start":{"line":108,"column":32},"end":{"line":144,"column":1}},"36":{"start":{"line":112,"column":46},"end":{"line":112,"column":52}},"37":{"start":{"line":114,"column":4},"end":{"line":114,"column":55}},"38":{"start":{"line":116,"column":31},"end":{"line":116,"column":34}},"39":{"start":{"line":117,"column":2},"end":{"line":122,"column":null}},"40":{"start":{"line":118,"column":4},"end":{"line":121,"column":6}},"41":{"start":{"line":124,"column":32},"end":{"line":124,"column":35}},"42":{"start":{"line":125,"column":2},"end":{"line":129,"column":null}},"43":{"start":{"line":126,"column":4},"end":{"line":128,"column":6}},"44":{"start":{"line":131,"column":27},"end":{"line":131,"column":57}},"45":{"start":{"line":132,"column":2},"end":{"line":138,"column":null}},"46":{"start":{"line":133,"column":4},"end":{"line":137,"column":6}},"47":{"start":{"line":139,"column":48},"end":{"line":139,"column":65}},"48":{"start":{"line":140,"column":21},"end":{"line":140,"column":60}},"49":{"start":{"line":141,"column":23},"end":{"line":141,"column":65}},"50":{"start":{"line":143,"column":2},"end":{"line":143,"column":71}},"51":{"start":{"line":156,"column":40},"end":{"line":156,"column":42}},"52":{"start":{"line":158,"column":2},"end":{"line":160,"column":5}},"53":{"start":{"line":159,"column":4},"end":{"line":159,"column":59}},"54":{"start":{"line":162,"column":2},"end":{"line":162,"column":16}},"55":{"start":{"line":165,"column":25},"end":{"line":185,"column":1}},"56":{"start":{"line":168,"column":40},"end":{"line":168,"column":65}},"57":{"start":{"line":170,"column":29},"end":{"line":170,"column":35}},"58":{"start":{"line":172,"column":18},"end":{"line":172,"column":69}},"59":{"start":{"line":174,"column":2},"end":{"line":178,"column":null}},"60":{"start":{"line":175,"column":4},"end":{"line":177,"column":6}},"61":{"start":{"line":180,"column":24},"end":{"line":180,"column":69}},"62":{"start":{"line":182,"column":2},"end":{"line":184,"column":4}},"63":{"start":{"line":187,"column":40},"end":{"line":220,"column":1}},"64":{"start":{"line":190,"column":29},"end":{"line":190,"column":35}},"65":{"start":{"line":191,"column":28},"end":{"line":191,"column":65}},"66":{"start":{"line":193,"column":26},"end":{"line":194,"column":null}},"67":{"start":{"line":196,"column":32},"end":{"line":196,"column":39}},"68":{"start":{"line":197,"column":41},"end":{"line":197,"column":43}},"69":{"start":{"line":199,"column":24},"end":{"line":213,"column":12}},"70":{"start":{"line":202,"column":27},"end":{"line":202,"column":67}},"71":{"start":{"line":204,"column":6},"end":{"line":211,"column":null}},"72":{"start":{"line":205,"column":8},"end":{"line":210,"column":10}},"73":{"start":{"line":212,"column":6},"end":{"line":212,"column":25}},"74":{"start":{"line":215,"column":2},"end":{"line":219,"column":4}},"75":{"start":{"line":187,"column":13},"end":{"line":187,"column":40}}},"fnMap":{"0":{"name":"(anonymous_0)","decl":{"start":{"line":15,"column":29},"end":{"line":15,"column":null}},"loc":{"start":{"line":18,"column":20},"end":{"line":24,"column":1}}},"1":{"name":"(anonymous_1)","decl":{"start":{"line":26,"column":28},"end":{"line":26,"column":null}},"loc":{"start":{"line":27,"column":13},"end":{"line":36,"column":1}}},"2":{"name":"(anonymous_2)","decl":{"start":{"line":38,"column":29},"end":{"line":38,"column":30}},"loc":{"start":{"line":38,"column":46},"end":{"line":45,"column":1}}},"3":{"name":"(anonymous_3)","decl":{"start":{"line":41,"column":37},"end":{"line":41,"column":38}},"loc":{"start":{"line":41,"column":48},"end":{"line":43,"column":5}}},"4":{"name":"(anonymous_4)","decl":{"start":{"line":47,"column":29},"end":{"line":47,"column":null}},"loc":{"start":{"line":48,"column":18},"end":{"line":59,"column":1}}},"5":{"name":"(anonymous_5)","decl":{"start":{"line":61,"column":35},"end":{"line":61,"column":36}},"loc":{"start":{"line":61,"column":52},"end":{"line":62,"column":10}}},"6":{"name":"(anonymous_6)","decl":{"start":{"line":64,"column":31},"end":{"line":64,"column":32}},"loc":{"start":{"line":64,"column":59},"end":{"line":89,"column":1}}},"7":{"name":"(anonymous_7)","decl":{"start":{"line":91,"column":30},"end":{"line":91,"column":31}},"loc":{"start":{"line":95,"column":1},"end":{"line":102,"column":1}}},"8":{"name":"(anonymous_8)","decl":{"start":{"line":104,"column":42},"end":{"line":104,"column":43}},"loc":{"start":{"line":104,"column":60},"end":{"line":106,"column":1}}},"9":{"name":"(anonymous_9)","decl":{"start":{"line":108,"column":32},"end":{"line":108,"column":33}},"loc":{"start":{"line":111,"column":1},"end":{"line":144,"column":1}}},"10":{"name":"makeIndexable","decl":{"start":{"line":153,"column":9},"end":{"line":153,"column":22}},"loc":{"start":{"line":154,"column":39},"end":{"line":163,"column":1}}},"11":{"name":"(anonymous_11)","decl":{"start":{"line":158,"column":22},"end":{"line":158,"column":23}},"loc":{"start":{"line":158,"column":38},"end":{"line":160,"column":3}}},"12":{"name":"(anonymous_12)","decl":{"start":{"line":165,"column":25},"end":{"line":165,"column":26}},"loc":{"start":{"line":167,"column":1},"end":{"line":185,"column":1}}},"13":{"name":"(anonymous_13)","decl":{"start":{"line":187,"column":40},"end":{"line":187,"column":41}},"loc":{"start":{"line":189,"column":1},"end":{"line":220,"column":1}}},"14":{"name":"(anonymous_14)","decl":{"start":{"line":201,"column":12},"end":{"line":201,"column":13}},"loc":{"start":{"line":201,"column":31},"end":{"line":213,"column":5}}}},"branchMap":{"0":{"loc":{"start":{"line":62,"column":2},"end":{"line":62,"column":30}},"type":"binary-expr","locations":[{"start":{"line":62,"column":2},"end":{"line":62,"column":30}},{"start":{"line":62,"column":34},"end":{"line":62,"column":56}}]},"1":{"loc":{"start":{"line":70,"column":2},"end":{"line":74,"column":null}},"type":"if","locations":[{"start":{"line":70,"column":2},"end":{"line":74,"column":null}},{"start":{"line":70,"column":2},"end":{"line":74,"column":null}}]},"2":{"loc":{"start":{"line":76,"column":2},"end":{"line":88,"column":null}},"type":"if","locations":[{"start":{"line":76,"column":2},"end":{"line":88,"column":null}},{"start":{"line":76,"column":2},"end":{"line":88,"column":null}}]},"3":{"loc":{"start":{"line":78,"column":9},"end":{"line":88,"column":null}},"type":"if","locations":[{"start":{"line":78,"column":9},"end":{"line":88,"column":null}},{"start":{"line":78,"column":9},"end":{"line":88,"column":null}}]},"4":{"loc":{"start":{"line":80,"column":9},"end":{"line":88,"column":null}},"type":"if","locations":[{"start":{"line":80,"column":9},"end":{"line":88,"column":null}},{"start":{"line":80,"column":9},"end":{"line":88,"column":null}}]},"5":{"loc":{"start":{"line":117,"column":2},"end":{"line":122,"column":null}},"type":"if","locations":[{"start":{"line":117,"column":2},"end":{"line":122,"column":null}},{"start":{"line":117,"column":2},"end":{"line":122,"column":null}}]},"6":{"loc":{"start":{"line":125,"column":2},"end":{"line":129,"column":null}},"type":"if","locations":[{"start":{"line":125,"column":2},"end":{"line":129,"column":null}},{"start":{"line":125,"column":2},"end":{"line":129,"column":null}}]},"7":{"loc":{"start":{"line":132,"column":2},"end":{"line":138,"column":null}},"type":"if","locations":[{"start":{"line":132,"column":2},"end":{"line":138,"column":null}},{"start":{"line":132,"column":2},"end":{"line":138,"column":null}}]},"8":{"loc":{"start":{"line":174,"column":2},"end":{"line":178,"column":null}},"type":"if","locations":[{"start":{"line":174,"column":2},"end":{"line":178,"column":null}},{"start":{"line":174,"column":2},"end":{"line":178,"column":null}}]},"9":{"loc":{"start":{"line":174,"column":6},"end":{"line":174,"column":14}},"type":"binary-expr","locations":[{"start":{"line":174,"column":6},"end":{"line":174,"column":14}},{"start":{"line":174,"column":18},"end":{"line":174,"column":38}}]},"10":{"loc":{"start":{"line":204,"column":6},"end":{"line":211,"column":null}},"type":"if","locations":[{"start":{"line":204,"column":6},"end":{"line":211,"column":null}},{"start":{"line":204,"column":6},"end":{"line":211,"column":null}}]}},"s":{"0":1,"1":1,"2":1,"3":12,"4":1,"5":1,"6":24,"7":1,"8":5,"9":10,"10":1,"11":5,"12":5,"13":5,"14":1,"15":35,"16":1,"17":35,"18":35,"19":35,"20":35,"21":35,"22":0,"23":35,"24":5,"25":30,"26":5,"27":25,"28":24,"29":1,"30":1,"31":60,"32":20,"33":1,"34":107,"35":1,"36":44,"37":22,"38":22,"39":22,"40":1,"41":21,"42":21,"43":1,"44":20,"45":20,"46":0,"47":40,"48":20,"49":20,"50":20,"51":9,"52":9,"53":19,"54":9,"55":1,"56":12,"57":12,"58":12,"59":12,"60":0,"61":12,"62":12,"63":1,"64":12,"65":12,"66":12,"67":12,"68":12,"69":12,"70":26,"71":26,"72":22,"73":23,"74":9,"75":1},"f":{"0":12,"1":24,"2":5,"3":10,"4":5,"5":35,"6":35,"7":20,"8":107,"9":22,"10":9,"11":19,"12":12,"13":12,"14":26},"b":{"0":[35,35],"1":[0,35],"2":[5,30],"3":[5,25],"4":[24,1],"5":[1,21],"6":[1,20],"7":[0,20],"8":[0,12],"9":[12,12],"10":[22,4]}}
,"C:\\dev\\environment-enforcer\\src\\arrayHelpers\\combine.ts": {"path":"C:\\dev\\environment-enforcer\\src\\arrayHelpers\\combine.ts","statementMap":{"0":{"start":{"line":6,"column":23},"end":{"line":10,"column":1}},"1":{"start":{"line":7,"column":2},"end":{"line":9,"column":5}},"2":{"start":{"line":8,"column":4},"end":{"line":8,"column":19}},"3":{"start":{"line":6,"column":13},"end":{"line":6,"column":23}}},"fnMap":{"0":{"name":"(anonymous_0)","decl":{"start":{"line":6,"column":23},"end":{"line":6,"column":27}},"loc":{"start":{"line":6,"column":51},"end":{"line":10,"column":1}}},"1":{"name":"(anonymous_1)","decl":{"start":{"line":7,"column":17},"end":{"line":7,"column":18}},"loc":{"start":{"line":7,"column":19},"end":{"line":9,"column":3}}}},"branchMap":{},"s":{"0":1,"1":38,"2":18,"3":1},"f":{"0":38,"1":18},"b":{}}
,"C:\\dev\\environment-enforcer\\src\\astHelpers\\getInterfaceName.ts": {"path":"C:\\dev\\environment-enforcer\\src\\astHelpers\\getInterfaceName.ts","statementMap":{"0":{"start":{"line":2,"column":0},"end":{"line":2,"column":45}},"1":{"start":{"line":7,"column":2},"end":{"line":13,"column":null}},"2":{"start":{"line":8,"column":4},"end":{"line":8,"column":35}},"3":{"start":{"line":9,"column":9},"end":{"line":13,"column":null}},"4":{"start":{"line":10,"column":4},"end":{"line":10,"column":41}},"5":{"start":{"line":12,"column":4},"end":{"line":12,"column":43}},"6":{"start":{"line":4,"column":0},"end":{"line":4,"column":16}}},"fnMap":{"0":{"name":"getInterfaceName","decl":{"start":{"line":4,"column":16},"end":{"line":4,"column":32}},"loc":{"start":{"line":5,"column":55},"end":{"line":14,"column":1}}}},"branchMap":{"0":{"loc":{"start":{"line":7,"column":2},"end":{"line":13,"column":null}},"type":"if","locations":[{"start":{"line":7,"column":2},"end":{"line":13,"column":null}},{"start":{"line":7,"column":2},"end":{"line":13,"column":null}}]},"1":{"loc":{"start":{"line":9,"column":9},"end":{"line":13,"column":null}},"type":"if","locations":[{"start":{"line":9,"column":9},"end":{"line":13,"column":null}},{"start":{"line":9,"column":9},"end":{"line":13,"column":null}}]}},"s":{"0":2,"1":2,"2":1,"3":1,"4":1,"5":0,"6":2},"f":{"0":2},"b":{"0":[1,1],"1":[1,0]}}
}
