TN:
SF:src\IntrospectableComboError.ts
FN:8,throwIfNotIntrospectableComboError
FN:27,(anonymous_1)
FN:34,(anonymous_2)
FNF:3
FNH:3
FNDA:5,throwIfNotIntrospectableComboError
FNDA:1,(anonymous_1)
FNDA:2,(anonymous_2)
DA:1,2
DA:2,2
DA:8,2
DA:11,5
DA:12,1
DA:16,4
DA:17,4
DA:21,1
DA:27,2
DA:31,2
DA:33,1
DA:34,1
DA:35,2
DA:36,2
DA:38,1
DA:43,1
DA:45,1
DA:47,1
LF:18
LH:18
BRDA:11,0,0,1
BRDA:11,0,1,4
BRDA:17,1,0,1
BRDA:17,1,1,3
BRDA:18,2,0,4
BRDA:18,2,1,3
BRDA:33,3,0,1
BRDA:33,3,1,0
BRF:8
BRH:7
end_of_record
TN:
SF:src\assertNever.ts
FN:3,assertNever
FNF:1
FNH:1
FNDA:1,assertNever
DA:1,4
DA:3,4
DA:4,1
LF:3
LH:3
BRF:0
BRH:0
end_of_record
TN:
SF:src\configReader.ts
FN:10,(anonymous_0)
FN:11,(anonymous_1)
FN:16,(anonymous_2)
FN:24,(anonymous_3)
FN:31,(anonymous_4)
FN:32,(anonymous_5)
FN:58,(anonymous_6)
FN:80,(anonymous_7)
FN:92,(anonymous_8)
FNF:9
FNH:0
FNDA:0,(anonymous_0)
FNDA:0,(anonymous_1)
FNDA:0,(anonymous_2)
FNDA:0,(anonymous_3)
FNDA:0,(anonymous_4)
FNDA:0,(anonymous_5)
FNDA:0,(anonymous_6)
FNDA:0,(anonymous_7)
FNDA:0,(anonymous_8)
DA:1,0
DA:2,0
DA:3,0
DA:10,0
DA:11,0
DA:12,0
DA:16,0
DA:23,0
DA:25,0
DA:26,0
DA:32,0
DA:33,0
DA:38,0
DA:41,0
DA:42,0
DA:43,0
DA:47,0
DA:48,0
DA:58,0
DA:59,0
DA:60,0
DA:61,0
DA:62,0
DA:65,0
DA:66,0
DA:72,0
DA:75,0
DA:80,0
DA:81,0
DA:83,0
DA:84,0
DA:85,0
DA:86,0
DA:88,0
DA:92,0
DA:95,0
LF:36
LH:0
BRDA:25,0,0,0
BRDA:25,0,1,0
BRDA:32,1,0,0
BRDA:32,1,1,0
BRDA:32,2,0,0
BRDA:32,2,1,0
BRDA:47,3,0,0
BRDA:47,3,1,0
BRDA:59,4,0,0
BRDA:59,4,1,0
BRDA:65,5,0,0
BRDA:65,5,1,0
BRDA:83,6,0,0
BRDA:83,6,1,0
BRDA:100,7,0,0
BRDA:100,7,1,0
BRF:16
BRH:0
end_of_record
TN:
SF:src\ourSchemaLanguage.ts
FN:4,(anonymous_0)
FN:16,(anonymous_1)
FNF:2
FNH:2
FNDA:25,(anonymous_0)
FNDA:71,(anonymous_1)
DA:3,1
DA:5,25
DA:12,25
DA:13,0
DA:16,25
DA:17,71
DA:58,1
LF:7
LH:6
BRDA:12,0,0,0
BRDA:12,0,1,25
BRF:2
BRH:1
end_of_record
TN:
SF:src\pullInterfaceOut.ts
FN:9,(anonymous_0)
FNF:1
FNH:1
FNDA:1,(anonymous_0)
DA:1,1
DA:9,1
DA:14,3
DA:16,1
DA:17,1
DA:20,1
DA:21,0
DA:26,1
DA:31,1
DA:32,1
DA:37,1
LF:11
LH:10
BRDA:20,0,0,0
BRDA:20,0,1,1
BRDA:31,1,0,0
BRDA:31,1,1,1
BRF:4
BRH:2
end_of_record
TN:
SF:src\schemaValidation.ts
FN:14,assertIsStringNumRecord
FN:39,(anonymous_1)
FN:58,(anonymous_2)
FN:71,(anonymous_3)
FN:86,(anonymous_4)
FN:96,(anonymous_5)
FN:114,(anonymous_6)
FN:154,(anonymous_7)
FN:155,(anonymous_8)
FN:166,(anonymous_9)
FN:178,(anonymous_10)
FN:184,(anonymous_11)
FN:205,(anonymous_12)
FNF:13
FNH:13
FNDA:11,assertIsStringNumRecord
FNDA:15,(anonymous_1)
FNDA:2,(anonymous_2)
FNDA:4,(anonymous_3)
FNDA:4,(anonymous_4)
FNDA:8,(anonymous_5)
FNDA:21,(anonymous_6)
FNDA:11,(anonymous_7)
FNDA:11,(anonymous_8)
FNDA:11,(anonymous_9)
FNDA:10,(anonymous_10)
FNDA:10,(anonymous_11)
FNDA:10,(anonymous_12)
DA:1,1
DA:2,1
DA:3,1
DA:19,11
DA:23,11
DA:24,0
DA:30,11
DA:31,0
DA:39,1
DA:44,15
DA:45,45
DA:47,15
DA:48,8
DA:55,15
DA:58,1
DA:63,2
DA:64,6
DA:66,2
DA:67,0
DA:71,2
DA:72,4
DA:83,2
DA:86,1
DA:91,4
DA:92,12
DA:94,4
DA:96,4
DA:97,8
DA:103,8
DA:104,3
DA:107,8
DA:111,4
DA:114,1
DA:119,21
DA:120,63
DA:122,21
DA:123,17
DA:124,2
DA:128,15
DA:129,15
DA:138,0
DA:140,4
DA:141,4
DA:143,0
DA:146,21
DA:154,1
DA:155,11
DA:156,11
DA:158,11
DA:159,1
DA:166,1
DA:171,11
DA:172,11
DA:174,10
DA:176,10
DA:179,10
DA:181,10
DA:184,10
DA:185,10
DA:187,10
DA:188,1
DA:192,18
DA:193,9
DA:195,9
DA:197,9
DA:205,10
DA:206,10
DA:207,1
DA:209,1
DA:210,0
DA:217,10
LF:71
LH:65
BRDA:20,0,0,0
BRDA:20,0,1,11
BRDA:23,1,0,0
BRDA:23,1,1,11
BRDA:30,2,0,0
BRDA:30,2,1,11
BRDA:47,3,0,8
BRDA:47,3,1,7
BRDA:66,4,0,0
BRDA:66,4,1,2
BRDA:103,5,0,3
BRDA:103,5,1,5
BRDA:111,6,0,3
BRDA:111,6,1,1
BRDA:122,7,0,17
BRDA:122,7,1,4
BRDA:123,8,0,2
BRDA:123,8,1,15
BRDA:128,9,0,15
BRDA:128,9,1,0
BRDA:140,10,0,4
BRDA:140,10,1,0
BRDA:158,11,0,1
BRDA:158,11,1,10
BRDA:187,12,0,1
BRDA:187,12,1,9
BRDA:206,13,0,1
BRDA:206,13,1,9
BRDA:209,14,0,0
BRDA:209,14,1,1
BRF:30
BRH:23
end_of_record
TN:
SF:src\tsInterfaceToSchema.ts
FN:15,(anonymous_0)
FN:26,(anonymous_1)
FN:38,(anonymous_2)
FN:41,(anonymous_3)
FN:47,(anonymous_4)
FN:61,(anonymous_5)
FN:64,(anonymous_6)
FN:91,(anonymous_7)
FN:104,(anonymous_8)
FN:108,(anonymous_9)
FN:153,makeIndexable
FN:158,(anonymous_11)
FN:165,(anonymous_12)
FN:187,(anonymous_13)
FN:201,(anonymous_14)
FNF:15
FNH:15
FNDA:12,(anonymous_0)
FNDA:24,(anonymous_1)
FNDA:5,(anonymous_2)
FNDA:10,(anonymous_3)
FNDA:5,(anonymous_4)
FNDA:35,(anonymous_5)
FNDA:35,(anonymous_6)
FNDA:20,(anonymous_7)
FNDA:107,(anonymous_8)
FNDA:22,(anonymous_9)
FNDA:9,makeIndexable
FNDA:19,(anonymous_11)
FNDA:12,(anonymous_12)
FNDA:12,(anonymous_13)
FNDA:26,(anonymous_14)
DA:1,1
DA:2,1
DA:15,1
DA:20,12
DA:26,1
DA:29,24
DA:38,1
DA:39,5
DA:42,10
DA:47,1
DA:50,5
DA:51,5
DA:52,5
DA:61,1
DA:62,35
DA:64,1
DA:65,35
DA:66,35
DA:67,35
DA:68,35
DA:70,35
DA:71,0
DA:76,35
DA:77,5
DA:78,30
DA:79,5
DA:80,25
DA:81,24
DA:83,1
DA:91,1
DA:96,60
DA:97,20
DA:104,1
DA:105,107
DA:108,1
DA:112,44
DA:114,22
DA:116,22
DA:117,22
DA:118,1
DA:124,21
DA:125,21
DA:126,1
DA:131,20
DA:132,20
DA:133,0
DA:139,40
DA:140,20
DA:141,20
DA:143,20
DA:156,9
DA:158,9
DA:159,19
DA:162,9
DA:165,1
DA:168,12
DA:170,12
DA:172,12
DA:174,12
DA:175,0
DA:180,12
DA:182,12
DA:187,1
DA:190,12
DA:191,12
DA:193,12
DA:196,12
DA:197,12
DA:199,12
DA:202,26
DA:204,26
DA:205,22
DA:212,23
DA:215,9
LF:74
LH:71
BRDA:62,0,0,35
BRDA:62,0,1,35
BRDA:70,1,0,0
BRDA:70,1,1,35
BRDA:76,2,0,5
BRDA:76,2,1,30
BRDA:78,3,0,5
BRDA:78,3,1,25
BRDA:80,4,0,24
BRDA:80,4,1,1
BRDA:117,5,0,1
BRDA:117,5,1,21
BRDA:125,6,0,1
BRDA:125,6,1,20
BRDA:132,7,0,0
BRDA:132,7,1,20
BRDA:174,8,0,0
BRDA:174,8,1,12
BRDA:174,9,0,12
BRDA:174,9,1,12
BRDA:204,10,0,22
BRDA:204,10,1,4
BRF:22
BRH:19
end_of_record
TN:
SF:src\arrayHelpers\combine.ts
FN:6,(anonymous_0)
FN:7,(anonymous_1)
FNF:2
FNH:2
FNDA:38,(anonymous_0)
FNDA:18,(anonymous_1)
DA:6,1
DA:7,38
DA:8,18
LF:3
LH:3
BRF:0
BRH:0
end_of_record
TN:
SF:src\astHelpers\getInterfaceName.ts
FN:4,getInterfaceName
FNF:1
FNH:1
FNDA:2,getInterfaceName
DA:2,2
DA:4,2
DA:7,2
DA:8,1
DA:9,1
DA:10,1
DA:12,0
LF:7
LH:6
BRDA:7,0,0,1
BRDA:7,0,1,1
BRDA:9,1,0,1
BRDA:9,1,1,0
BRF:4
BRH:3
end_of_record
